\BOOKMARK [0][-]{chapter*.1}{\376\377\000L\036\335\000i\000\040\000c\036\243\000m\000\040\001\241\000n}{}% 1
\BOOKMARK [0][-]{chapter*.2}{\376\377\000T\000\363\000m\000\040\000t\036\257\000t\000\040\001\021\036\323\000\040\000\341\000n}{}% 2
\BOOKMARK [0][-]{chapter.1}{\376\377\000T\036\325\000n\000g\000\040\000q\000u\000a\000n\000\040\000v\036\301\000\040\000k\000i\036\277\000n\000\040\000t\000r\000\372\000c\000\040\000Z\000e\000r\000o\000\040\000T\000r\000u\000s\000t}{}% 3
\BOOKMARK [1][-]{section.1.1}{\376\377\000T\036\353\000\040\000b\036\243\000o\000\040\000m\036\255\000t\000\040\000v\000\340\000n\000h\000\040\001\021\000a\000i\000\040\001\021\036\277\000n\000\040\000Z\000e\000r\000o\000\040\000T\000r\000u\000s\000t}{chapter.1}% 4
\BOOKMARK [2][-]{subsection.1.1.1}{\376\377\000H\036\241\000n\000\040\000c\000h\036\277\000\040\000c\036\347\000a\000\040\000m\000\364\000\040\000h\000\354\000n\000h\000\040\000b\036\243\000o\000\040\000m\036\255\000t\000\040\000v\000\340\000n\000h\000\040\001\021\000a\000i}{section.1.1}% 5
\BOOKMARK [2][-]{subsection.1.1.2}{\376\377\001\020\036\313\000n\000h\000\040\000n\000g\000h\001\051\000a\000\040\000Z\000e\000r\000o\000\040\000T\000r\000u\000s\000t}{section.1.1}% 6
\BOOKMARK [2][-]{subsection.1.1.3}{\376\377\000S\000o\000\040\000s\000\341\000n\000h\000\040\000m\000\364\000\040\000h\000\354\000n\000h\000\040\000Z\000e\000r\000o\000\040\000T\000r\000u\000s\000t\000\040\000v\036\333\000i\000\040\000b\036\243\000o\000\040\000m\036\255\000t\000\040\000v\000\340\000n\000h\000\040\001\021\000a\000i}{section.1.1}% 7
\BOOKMARK [1][-]{section.1.2}{\376\377\000K\000i\036\277\000n\000\040\000t\000r\000\372\000c\000\040\000t\000h\000a\000m\000\040\000c\000h\000i\036\277\000u\000\040\000Z\000e\000r\000o\000\040\000T\000r\000u\000s\000t}{chapter.1}% 8
\BOOKMARK [2][-]{subsection.1.2.1}{\376\377\000B\036\243\000y\000\040\000n\000g\000u\000y\000\352\000n\000\040\000l\000\375}{section.1.2}% 9
\BOOKMARK [2][-]{subsection.1.2.2}{\376\377\000C\000\341\000c\000\040\000t\000h\000\340\000n\000h\000\040\000p\000h\036\247\000n\000\040\000t\000r\000o\000n\000g\000\040\000k\000i\036\277\000n\000\040\000t\000r\000\372\000c\000\040\000t\000h\000a\000m\000\040\000c\000h\000i\036\277\000u}{section.1.2}% 10
\BOOKMARK [2][-]{subsection.1.2.3}{\376\377\000C\000\341\000c\000\040\000h\001\260\036\333\000n\000g\000\040\000t\000i\036\277\000p\000\040\000c\036\255\000n\000\040\000t\000r\000i\036\303\000n\000\040\000k\000h\000a\000i\000\040\000k\000i\036\277\000n\000\040\000t\000r\000\372\000c\000\040\000Z\000e\000r\000o\000\040\000T\000r\000u\000s\000t}{section.1.2}% 11
\BOOKMARK [1][-]{section.1.3}{\376\377\000M\000\364\000\040\000h\000\354\000n\000h\000\040\000t\000r\001\260\036\337\000n\000g\000\040\000t\000h\000\340\000n\000h\000\040\000Z\000e\000r\000o\000\040\000T\000r\000u\000s\000t}{chapter.1}% 12
\BOOKMARK [2][-]{subsection.1.3.1}{\376\377\000N\001\003\000m\000\040\000t\000r\036\345\000\040\000c\036\331\000t\000\040\000c\000h\036\351\000c\000\040\000n\001\003\000n\000g\000\040\000v\000\340\000\040\000b\000a\000\040\000n\001\003\000n\000g\000\040\000l\036\361\000c\000\040\000x\000u\000y\000\352\000n\000\040\000s\000u\036\321\000t}{section.1.3}% 13
\BOOKMARK [2][-]{subsection.1.3.2}{\376\377\000B\036\321\000n\000\040\000c\036\245\000p\000\040\001\021\036\331\000\040\000t\000r\001\260\036\337\000n\000g\000\040\000t\000h\000\340\000n\000h}{section.1.3}% 14
\BOOKMARK [1][-]{section.1.4}{\376\377\000K\036\277\000t\000\040\000l\000u\036\255\000n\000\040\000c\000h\001\260\001\241\000n\000g\000\040\0001}{chapter.1}% 15
\BOOKMARK [0][-]{chapter.2}{\376\377\036\350\000n\000g\000\040\000d\036\345\000n\000g\000\040\000Z\000e\000r\000o\000\040\000T\000r\000u\000s\000t\000\040\000b\036\243\000o\000\040\000m\036\255\000t\000\040\000h\036\307\000\040\000t\000h\036\321\000n\000g\000\040\000M\000i\000c\000r\000o\000s\000e\000r\000v\000i\000c\000e\000s}{}% 16
\BOOKMARK [1][-]{section.2.1}{\376\377\000B\000\340\000i\000\040\000t\000o\000\341\000n\000\040\000b\036\243\000o\000\040\000m\036\255\000t\000\040\001\021\036\267\000c\000\040\000t\000h\000\371\000\040\000c\036\347\000a\000\040\000h\036\307\000\040\000t\000h\036\321\000n\000g\000\040\000M\000i\000c\000r\000o\000s\000e\000r\000v\000i\000c\000e\000s}{chapter.2}% 17
\BOOKMARK [2][-]{subsection.2.1.1}{\376\377\000T\000h\000\341\000c\000h\000\040\000t\000h\036\351\000c\000\040\001\021\036\313\000n\000h\000\040\000d\000a\000n\000h\000\040\000v\000\340\000\040\000q\000u\036\243\000n\000\040\000l\000\375\000\040\000t\000h\000\364\000n\000g\000\040\000t\000i\000n\000\040\000x\000\341\000c\000\040\000t\000h\036\361\000c}{section.2.1}% 18
\BOOKMARK [2][-]{subsection.2.1.2}{\376\377\000T\000h\000\341\000c\000h\000\040\000t\000h\036\351\000c\000\040\000t\036\353\000\040\000m\000\364\000i\000\040\000t\000r\001\260\036\335\000n\000g\000\040\001\021\000i\036\301\000u\000\040\000p\000h\036\321\000i\000\040\000K\000u\000b\000e\000r\000n\000e\000t\000e\000s}{section.2.1}% 19
\BOOKMARK [2][-]{subsection.2.1.3}{\376\377\000T\000h\000\341\000c\000h\000\040\000t\000h\036\351\000c\000\040\000b\036\243\000o\000\040\000m\036\255\000t\000\040\000m\036\241\000n\000g\000\040\000n\036\331\000i\000\040\000b\036\331}{section.2.1}% 20
\BOOKMARK [2][-]{subsection.2.1.4}{\376\377\000T\000h\000\341\000c\000h\000\040\000t\000h\036\351\000c\000\040\000g\000i\000\341\000m\000\040\000s\000\341\000t\000\040\000v\000\340\000\040\000b\036\243\000o\000\040\000v\036\307\000\040\000t\036\241\000i\000\040\000t\000h\036\335\000i\000\040\000g\000i\000a\000n\000\040\000c\000h\036\241\000y}{section.2.1}% 21
\BOOKMARK [2][-]{subsection.2.1.5}{\376\377\000T\000h\000\341\000c\000h\000\040\000t\000h\036\351\000c\000\040\000t\036\353\000\040\000c\000h\000u\036\327\000i\000\040\000c\000u\000n\000g\000\040\036\351\000n\000g\000\040\000p\000h\036\247\000n\000\040\000m\036\301\000m}{section.2.1}% 22
\BOOKMARK [2][-]{subsection.2.1.6}{\376\377\000P\000h\000\342\000n\000\040\000t\000\355\000c\000h\000\040\000b\036\301\000\040\000m\036\267\000t\000\040\000t\036\245\000n\000\040\000c\000\364\000n\000g}{section.2.1}% 23
\BOOKMARK [1][-]{section.2.2}{\376\377\000K\000i\036\277\000n\000\040\000t\000r\000\372\000c\000\040\000Z\000e\000r\000o\000\040\000T\000r\000u\000s\000t\000\040\001\021\036\301\000\040\000x\000u\036\245\000t}{chapter.2}% 24
\BOOKMARK [2][-]{subsection.2.2.1}{\376\377\000T\000h\000\340\000n\000h\000\040\000p\000h\036\247\000n\000\040\0001\000\040\040\024\000\040\001\020\036\313\000n\000h\000\040\000d\000a\000n\000h\000\040\000v\000\340\000\040\000X\000\341\000c\000\040\000t\000h\036\361\000c}{section.2.2}% 25
\BOOKMARK [2][-]{subsection.2.2.2}{\376\377\000T\000h\000\340\000n\000h\000\040\000p\000h\036\247\000n\000\040\0002\000\040\040\024\000\040\001\020\000\341\000n\000h\000\040\000g\000i\000\341\000\040\000t\001\260\000\040\000t\000h\036\277\000\040\000b\036\243\000o\000\040\000m\036\255\000t}{section.2.2}% 26
\BOOKMARK [2][-]{subsection.2.2.3}{\376\377\000T\000h\000\340\000n\000h\000\040\000p\000h\036\247\000n\000\040\0003\000\040\040\024\000\040\000R\000a\000\040\000q\000u\000y\036\277\000t\000\040\001\021\036\313\000n\000h\000\040\000v\000\340\000\040\000P\000h\000\342\000n\000\040\000p\000h\036\321\000i\000\040\000c\000h\000\355\000n\000h\000\040\000s\000\341\000c\000h}{section.2.2}% 27
\BOOKMARK [2][-]{subsection.2.2.4}{\376\377\000T\000h\000\340\000n\000h\000\040\000p\000h\036\247\000n\000\040\0004\000\040\040\024\000\040\000T\000h\036\361\000c\000\040\000t\000h\000i\000\040\000c\000h\000\355\000n\000h\000\040\000s\000\341\000c\000h}{section.2.2}% 28
\BOOKMARK [2][-]{subsection.2.2.5}{\376\377\000T\000h\000\340\000n\000h\000\040\000p\000h\036\247\000n\000\040\0005\000\040\040\024\000\040\000Q\000u\000a\000n\000\040\000s\000\341\000t\000\040\000v\000\340\000\040\000P\000h\036\243\000n\000\040\000h\036\323\000i\000\040\000t\000h\000\355\000c\000h\000\040\036\351\000n\000g}{section.2.2}% 29
\BOOKMARK [2][-]{subsection.2.2.6}{\376\377\000C\001\241\000\040\000c\000h\036\277\000\040\000v\036\255\000n\000\040\000h\000\340\000n\000h\000\040\000v\000\340\000\040\000l\000u\036\323\000n\000g\000\040\000t\001\260\001\241\000n\000g\000\040\000t\000\341\000c\000\040\000g\000i\036\357\000a\000\040\000c\000\341\000c\000\040\000t\000h\000\340\000n\000h\000\040\000p\000h\036\247\000n}{section.2.2}% 30
\BOOKMARK [1][-]{section.2.3}{\376\377\000N\000g\000u\000y\000\352\000n\000\040\000t\036\257\000c\000\040\000v\036\255\000n\000\040\000h\000\340\000n\000h\000\040\000k\000i\036\277\000n\000\040\000t\000r\000\372\000c}{chapter.2}% 31
\BOOKMARK [2][-]{subsection.2.3.1}{\376\377\000M\000\364\000\040\000h\000\354\000n\000h\000\040\000c\000h\000\355\000n\000h\000\040\000s\000\341\000c\000h}{section.2.3}% 32
\BOOKMARK [2][-]{subsection.2.3.2}{\376\377\000M\000\364\000\040\000h\000\354\000n\000h\000\040\001\021\000\341\000n\000h\000\040\000g\000i\000\341\000\040\000r\036\347\000i\000\040\000r\000o}{section.2.3}% 33
\BOOKMARK [2][-]{subsection.2.3.3}{\376\377\000L\036\331\000\040\000t\000r\000\354\000n\000h\000\040\000c\000h\000u\000y\036\303\000n\000\040\001\021\036\325\000i\000\040\000k\000i\036\277\000n\000\040\000t\000r\000\372\000c}{section.2.3}% 34
\BOOKMARK [1][-]{table.caption.19}{\376\377\000K\036\277\000t\000\040\000l\000u\036\255\000n\000\040\000c\000h\001\260\001\241\000n\000g\000\040\0002}{chapter.2}% 35
\BOOKMARK [0][-]{chapter.3}{\376\377\000C\000\340\000i\000\040\001\021\036\267\000t\000\040\000v\000\340\000\040\000t\000h\036\355\000\040\000n\000g\000h\000i\036\307\000m\000\040\000h\036\307\000\040\000t\000h\036\321\000n\000g}{}% 36
\BOOKMARK [1][-]{section.3.1}{\376\377\000M\000\364\000\040\000t\036\243\000\040\000h\036\307\000\040\000t\000h\036\321\000n\000g\000\040\000v\000\340\000\040\000p\000h\036\241\000m\000\040\000v\000i\000\040\000m\000\364\000\040\000p\000h\036\317\000n\000g}{chapter.3}% 37
\BOOKMARK [1][-]{section.3.2}{\376\377\000K\000h\036\243\000o\000\040\000s\000\341\000t\000\040\000h\000i\036\307\000n\000\040\000t\000r\036\241\000n\000g\000\040\000v\000\340\000\040\001\021\000\341\000n\000h\000\040\000g\000i\000\341\000\040\000l\036\327\000\040\000h\036\325\000n\000g\000\040\000h\036\307\000\040\000t\000h\036\321\000n\000g}{chapter.3}% 38
\BOOKMARK [2][-]{subsection.3.2.1}{\376\377\000K\000i\036\303\000m\000\040\000k\000\352\000\040\000v\000\340\000\040\000p\000h\000\342\000n\000\040\000t\000\355\000c\000h\000\040\000h\000i\036\307\000n\000\040\000t\000r\036\241\000n\000g\000\040\000t\000r\001\260\036\333\000c\000\040\000k\000h\000i\000\040\000\341\000p\000\040\000d\036\345\000n\000g\000\040\000Z\000e\000r\000o\000\040\000T\000r\000u\000s\000t}{section.3.2}% 39
\BOOKMARK [2][-]{subsection.3.2.2}{\376\377\000T\000h\000i\036\277\000t\000\040\000l\036\255\000p\000\040\000b\036\243\000n\000\040\001\021\036\323\000\040\000l\000u\036\323\000n\000g\000\040\000m\036\241\000n\000g\000\040\000c\001\241\000\040\000s\036\337}{section.3.2}% 40
\BOOKMARK [1][-]{section.3.3}{\376\377\000T\000h\000i\036\277\000t\000\040\000k\036\277\000\040\000Z\000e\000r\000o\000\040\000T\000r\000u\000s\000t\000\040\000c\000h\000o\000\040\000h\036\307\000\040\000t\000h\036\321\000n\000g}{chapter.3}% 41
\BOOKMARK [2][-]{subsection.3.3.1}{\376\377\000C\001\241\000\040\000s\036\337\000\040\000l\036\361\000a\000\040\000c\000h\036\315\000n\000\040\000c\000\364\000n\000g\000\040\000n\000g\000h\036\307}{section.3.3}% 42
\BOOKMARK [2][-]{subsection.3.3.2}{\376\377\000P\000h\000\342\000n\000\040\000b\036\325\000\040\000k\000h\000\364\000n\000g\000\040\000g\000i\000a\000n\000\040\000t\000\352\000n}{section.3.3}% 43
\BOOKMARK [1][-]{section.3.4}{\376\377\000T\000r\000i\036\303\000n\000\040\000k\000h\000a\000i\000\040\0005\000\040\000t\000h\000\340\000n\000h\000\040\000p\000h\036\247\000n\000\040\000c\000h\036\351\000c\000\040\000n\001\003\000n\000g}{chapter.3}% 44
\BOOKMARK [2][-]{subsection.3.4.1}{\376\377\000L\036\331\000\040\000t\000r\000\354\000n\000h\000\040\000t\000r\000i\036\303\000n\000\040\000k\000h\000a\000i\000\040\0005\000\040\000g\000i\000a\000i\000\040\001\021\000o\036\241\000n}{section.3.4}% 45
\BOOKMARK [2][-]{subsection.3.4.2}{\376\377\000T\000h\000\340\000n\000h\000\040\000p\000h\036\247\000n\000\040\0001\000:\000\040\001\020\036\313\000n\000h\000\040\000d\000a\000n\000h\000\040\000v\000\340\000\040\000x\000\341\000c\000\040\000t\000h\036\361\000c}{section.3.4}% 46
\BOOKMARK [2][-]{subsection.3.4.3}{\376\377\000T\000h\000\340\000n\000h\000\040\000p\000h\036\247\000n\000\040\0002\000:\000\040\001\020\000\341\000n\000h\000\040\000g\000i\000\341\000\040\000t\001\260\000\040\000t\000h\036\277\000\040\000v\000\340\000\040\000t\000\354\000n\000h\000\040\000b\000\341\000o\000\040\001\021\000e\000\040\000d\036\315\000a}{section.3.4}% 47
\BOOKMARK [2][-]{subsection.3.4.4}{\376\377\000T\000h\000\340\000n\000h\000\040\000p\000h\036\247\000n\000\040\0003\000:\000\040\000R\000a\000\040\000q\000u\000y\036\277\000t\000\040\001\021\036\313\000n\000h\000\040\000v\000\340\000\040\001\021\000i\036\301\000u\000\040\000p\000h\036\321\000i}{section.3.4}% 48
\BOOKMARK [2][-]{subsection.3.4.5}{\376\377\000T\000h\000\340\000n\000h\000\040\000p\000h\036\247\000n\000\040\0004\000:\000\040\000T\000h\036\361\000c\000\040\000t\000h\000i\000\040\000c\000h\000\355\000n\000h\000\040\000s\000\341\000c\000h\000\040\001\021\000a\000\040\000t\036\247\000n\000g}{section.3.4}% 49
\BOOKMARK [2][-]{subsection.3.4.6}{\376\377\000T\000h\000\340\000n\000h\000\040\000p\000h\036\247\000n\000\040\0005\000:\000\040\000Q\000u\000a\000n\000\040\000s\000\341\000t\000\040\000v\000\340\000\040\000p\000h\036\243\000n\000\040\000h\036\323\000i}{section.3.4}% 50
\BOOKMARK [1][-]{section.3.5}{\376\377\000K\000i\036\303\000m\000\040\000c\000h\036\351\000n\000g\000\040\000t\000h\036\361\000c\000\040\000n\000g\000h\000i\036\307\000m\000\040\000c\000\341\000c\000\040\000k\036\313\000c\000h\000\040\000b\036\243\000n\000\040\000t\036\245\000n\000\040\000c\000\364\000n\000g}{chapter.3}% 51
\BOOKMARK [2][-]{subsection.3.5.1}{\376\377\000K\036\313\000c\000h\000\040\000b\036\243\000n\000\040\0001\000:\000\040\000T\000r\000i\000n\000h\000\040\000s\000\341\000t\000\040\000m\036\241\000n\000g\000\040\000n\036\331\000i\000\040\000b\036\331}{section.3.5}% 52
\BOOKMARK [2][-]{subsection.3.5.2}{\376\377\000K\036\313\000c\000h\000\040\000b\036\243\000n\000\040\0002\000:\000\040\000X\000\342\000m\000\040\000n\000h\036\255\000p\000\040\000q\000u\000a\000\040\000c\036\325\000n\000g\000\040\000g\000i\000a\000o\000\040\000t\000i\036\277\000p\000\040\000v\000\340\000\040\001\021\000\341\000n\000h\000\040\000c\036\257\000p\000\040\000m\000\343\000\040\000t\000h\000\364\000n\000g\000\040\000b\000\341\000o}{section.3.5}% 53
\BOOKMARK [2][-]{subsection.3.5.3}{\376\377\000K\036\313\000c\000h\000\040\000b\036\243\000n\000\040\0003\000:\000\040\000K\000h\000a\000i\000\040\000t\000h\000\341\000c\000\040\000l\036\327\000\040\000h\036\325\000n\000g\000\040\036\351\000n\000g\000\040\000d\036\345\000n\000g\000\040\000w\000e\000b}{section.3.5}% 54
\BOOKMARK [2][-]{subsection.3.5.4}{\376\377\000K\036\313\000c\000h\000\040\000b\036\243\000n\000\040\0004\000:\000\040\000T\000h\036\361\000c\000\040\000t\000h\000i\000\040\000l\036\307\000n\000h\000\040\000t\000r\000\341\000i\000\040\000p\000h\000\351\000p\000\040\000t\000r\000o\000n\000g\000\040\000v\000\371\000n\000g\000\040\000c\000h\036\351\000a}{section.3.5}% 55
\BOOKMARK [2][-]{subsection.3.5.5}{\376\377\000K\036\313\000c\000h\000\040\000b\036\243\000n\000\040\0005\000:\000\040\000T\000h\036\317\000a\000\040\000h\000i\036\307\000p\000\040\000c\000h\000u\036\327\000i\000\040\000c\000u\000n\000g\000\040\036\351\000n\000g}{section.3.5}% 56
\BOOKMARK [2][-]{subsection.3.5.6}{\376\377\000K\036\313\000c\000h\000\040\000b\036\243\000n\000\040\0006\000:\000\040\000G\000i\036\243\000\040\000m\036\241\000o\000\040\000d\000a\000n\000h\000\040\000t\000\355\000n\000h\000\040\000m\036\241\000n\000g\000\040\000n\036\331\000i\000\040\000b\036\331}{section.3.5}% 57
\BOOKMARK [2][-]{subsection.3.5.7}{\376\377\000K\036\313\000c\000h\000\040\000b\036\243\000n\000\040\0007\000:\000\040\001\020\000\341\000n\000h\000\040\000c\036\257\000p\000\040\000t\000h\000\364\000n\000g\000\040\000t\000i\000n\000\040\000x\000\341\000c\000\040\000t\000h\036\361\000c\000\040\000t\001\051\000n\000h}{section.3.5}% 58
\BOOKMARK [2][-]{subsection.3.5.8}{\376\377\000K\036\313\000c\000h\000\040\000b\036\243\000n\000\040\0008\000:\000\040\000T\000r\000\355\000c\000h\000\040\000x\000u\036\245\000t\000\040\000d\036\357\000\040\000l\000i\036\307\000u\000\040\000r\000a\000\040\000n\000g\000o\000\340\000i}{section.3.5}% 59
\BOOKMARK [2][-]{subsection.3.5.9}{\376\377\000K\036\313\000c\000h\000\040\000b\036\243\000n\000\040\0009\000:\000\040\000C\000h\036\267\000n\000\040\000k\036\277\000t\000\040\000n\036\321\000i\000\040\001\021\036\277\000n\000\040\000I\000P\000\040\001\021\036\331\000c\000\040\000h\036\241\000i}{section.3.5}% 60
\BOOKMARK [2][-]{subsection.3.5.10}{\376\377\000K\036\313\000c\000h\000\040\000b\036\243\000n\000\040\0001\0000\000:\000\040\000K\000h\000a\000i\000\040\000t\000h\000\341\000c\000\040\000g\000i\000a\000o\000\040\000d\000i\036\307\000n\000\040\001\021\000i\036\301\000u\000\040\000k\000h\000i\036\303\000n}{section.3.5}% 61
\BOOKMARK [2][-]{subsection.3.5.11}{\376\377\000K\036\313\000c\000h\000\040\000b\036\243\000n\000\040\0001\0001\000:\000\040\000S\036\355\000a\000\040\001\021\036\325\000i\000\040\000t\000r\000\341\000i\000\040\000p\000h\000\351\000p\000\040\000c\000h\000\355\000n\000h\000\040\000s\000\341\000c\000h\000\040\000m\036\241\000n\000g}{section.3.5}% 62
\BOOKMARK [1][-]{section.3.6}{\376\377\001\020\000\341\000n\000h\000\040\000g\000i\000\341\000\040\000t\036\325\000n\000g\000\040\000h\036\343\000p\000\040\000v\000\340\000\040\000h\036\241\000n\000\040\000c\000h\036\277}{chapter.3}% 63
\BOOKMARK [2][-]{subsection.3.6.1}{\376\377\000T\036\325\000n\000g\000\040\000h\036\343\000p\000\040\001\021\036\331\000\040\000p\000h\036\347\000\040\000k\036\371\000\040\000t\000h\000u\036\255\000t\000\040\000M\000I\000T\000R\000E\000\040\000A\000T\000T\000\046\000C\000K}{section.3.6}% 64
\BOOKMARK [2][-]{subsection.3.6.2}{\376\377\000M\036\351\000c\000\040\001\021\036\331\000\040\000c\001\260\036\341\000n\000g\000\040\000c\000h\036\277\000\040\000t\000h\036\361\000c\000\040\000t\036\277\000\040\000c\036\347\000a\000\040\000h\036\307\000\040\000t\000h\036\321\000n\000g}{section.3.6}% 65
\BOOKMARK [2][-]{subsection.3.6.3}{\376\377\000H\036\241\000n\000\040\000c\000h\036\277\000\040\000c\036\347\000a\000\040\000t\000h\036\361\000c\000\040\000n\000g\000h\000i\036\307\000m}{section.3.6}% 66
\BOOKMARK [0][-]{chapter*.32}{\376\377\000K\036\277\000t\000\040\000l\000u\036\255\000n}{}% 67
\BOOKMARK [0][-]{chapter.A}{\376\377\000H\001\260\036\333\000n\000g\000\040\000d\036\253\000n\000\040\000v\036\255\000n\000\040\000h\000\340\000n\000h\000\040\000v\000\340\000\040\000c\001\241\000\040\000c\000h\036\277\000\040\000h\000o\036\241\000t\000\040\001\021\036\331\000n\000g\000\040\000c\036\347\000a\000\040\000c\000\341\000c\000\040\000d\036\313\000c\000h\000\040\000v\036\345}{}% 68
\BOOKMARK [1][-]{section.A.1}{\376\377\000C\001\241\000\040\000c\000h\036\277\000\040\000h\000o\036\241\000t\000\040\001\021\036\331\000n\000g\000\040\000c\036\347\000a\000\040\000c\000\341\000c\000\040\000d\036\313\000c\000h\000\040\000v\036\345}{chapter.A}% 69
\BOOKMARK [2][-]{subsection.A.1.1}{\376\377\000C\036\325\000n\000g\000\040\000g\000i\000a\000o\000\040\000t\000i\036\277\000p\000\040\000K\000o\000n\000g}{section.A.1}% 70
\BOOKMARK [2][-]{subsection.A.1.2}{\376\377\000D\036\313\000c\000h\000\040\000v\036\345\000\040\000x\000\341\000c\000\040\000t\000h\036\361\000c\000\040\000K\000e\000y\000c\000l\000o\000a\000k}{section.A.1}% 71
\BOOKMARK [2][-]{subsection.A.1.3}{\376\377\000H\036\307\000\040\000t\000h\036\321\000n\000g\000\040\001\021\036\313\000n\000h\000\040\000d\000a\000n\000h\000\040\036\351\000n\000g\000\040\000d\036\345\000n\000g\000\040\000S\000P\000I\000R\000E}{section.A.1}% 72
\BOOKMARK [2][-]{subsection.A.1.4}{\376\377\000H\036\307\000\040\000t\000h\036\321\000n\000g\000\040\000q\000u\036\243\000n\000\040\000l\000\375\000\040\000t\000h\000\364\000n\000g\000\040\000t\000i\000n\000\040\000m\036\255\000t\000\040\000V\000a\000u\000l\000t}{section.A.1}% 73
\BOOKMARK [2][-]{subsection.A.1.5}{\376\377\000B\036\331\000\040\000q\000u\000y\036\277\000t\000\040\001\021\036\313\000n\000h\000\040\000c\000h\000\355\000n\000h\000\040\000s\000\341\000c\000h\000\040\000P\000D\000P}{section.A.1}% 74
\BOOKMARK [2][-]{subsection.A.1.6}{\376\377\000C\000\364\000n\000g\000\040\000c\036\345\000\040\000q\000u\000\351\000t\000\040\000l\036\327\000\040\000h\036\325\000n\000g\000\040\000T\000r\000i\000v\000y\000\040\000O\000p\000e\000r\000a\000t\000o\000r}{section.A.1}% 75
\BOOKMARK [2][-]{subsection.A.1.7}{\376\377\000T\000r\000\354\000n\000h\000\040\000q\000u\036\243\000n\000\040\000l\000\375\000\040\000m\036\241\000n\000g\000\040\000C\000i\000l\000i\000u\000m\000\040\000v\000\340\000\040\000C\000\364\000n\000g\000\040\000c\036\345\000\040\000g\000i\000\341\000m\000\040\000s\000\341\000t\000\040\000t\000h\036\335\000i\000\040\000g\000i\000a\000n\000\040\000t\000h\036\361\000c\000\040\000T\000e\000t\000r\000a\000g\000o\000n}{section.A.1}% 76
\BOOKMARK [2][-]{subsection.A.1.8}{\376\377\000C\000\341\000c\000\040\000M\000i\000c\000r\000o\000s\000e\000r\000v\000i\000c\000e\000s\000\040\000n\000g\000h\000i\036\307\000p\000\040\000v\036\345}{section.A.1}% 77
\BOOKMARK [1][-]{section.A.2}{\376\377\000H\001\260\036\333\000n\000g\000\040\000d\036\253\000n\000\040\000v\036\255\000n\000\040\000h\000\340\000n\000h\000\040\000h\036\307\000\040\000t\000h\036\321\000n\000g}{chapter.A}% 78
\BOOKMARK [2][-]{subsection.A.2.1}{\376\377\000K\000h\036\337\000i\000\040\000t\036\241\000o\000\040\000v\000\340\000\040\000c\036\245\000u\000\040\000h\000\354\000n\000h\000\040\000h\036\307\000\040\000t\000h\036\321\000n\000g\000\040\000b\000a\000n\000\040\001\021\036\247\000u}{section.A.2}% 79
\BOOKMARK [2][-]{subsection.A.2.2}{\376\377\000X\000\341\000c\000\040\000m\000i\000n\000h\000\040\000t\000r\036\241\000n\000g\000\040\000t\000h\000\341\000i\000\040\000a\000n\000\040\000n\000i\000n\000h\000\040\000c\036\347\000a\000\040\000h\036\307\000\040\000t\000h\036\321\000n\000g}{section.A.2}% 80
\BOOKMARK [2][-]{subsection.A.2.3}{\376\377\000G\000i\000\341\000m\000\040\000s\000\341\000t\000\040\000l\000u\036\323\000n\000g\000\040\000m\036\241\000n\000g\000\040\000q\000u\000a\000\040\000g\000i\000a\000o\000\040\000d\000i\036\307\000n\000\040\000t\000r\036\361\000c\000\040\000q\000u\000a\000n}{section.A.2}% 81
